[debug] [2023-08-13T02:52:28.834Z] ----------------------------------------------------------------------
[debug] [2023-08-13T02:52:28.839Z] Command:       C:\Program Files\nodejs\node.exe C:\Users\minht\AppData\Roaming\npm\node_modules\firebase-tools\lib\bin\firebase.js init
[debug] [2023-08-13T02:52:28.840Z] CLI Version:   12.4.7
[debug] [2023-08-13T02:52:28.840Z] Platform:      win32
[debug] [2023-08-13T02:52:28.840Z] Node Version:  v18.16.0
[debug] [2023-08-13T02:52:28.855Z] Time:          Sun Aug 13 2023 09:52:28 GMT+0700 (Indochina Time)
[debug] [2023-08-13T02:52:28.855Z] ----------------------------------------------------------------------
[debug] 
[debug] [2023-08-13T02:52:28.868Z] > command requires scopes: ["email","openid","https://www.googleapis.com/auth/cloudplatformprojects.readonly","https://www.googleapis.com/auth/firebase","https://www.googleapis.com/auth/cloud-platform"]
[debug] [2023-08-13T02:52:28.870Z] > authorizing via signed-in user (minhtamceo1@gmail.com)
[info] 
     ######## #### ########  ######## ########     ###     ######  ########
     ##        ##  ##     ## ##       ##     ##  ##   ##  ##       ##
     ######    ##  ########  ######   ########  #########  ######  ######
     ##        ##  ##    ##  ##       ##     ## ##     ##       ## ##
     ##       #### ##     ## ######## ########  ##     ##  ######  ########

You're about to initialize a Firebase project in this directory:

  C:\Users\minht\Music\TechWick\PlantNestProntEndAdmin

[info] 
=== Project Setup
[info] 
[info] First, let's associate this project directory with a Firebase project.
[info] You can create multiple project aliases by running firebase use --add, 
[info] but for now we'll just set up a default project.
[info] 
[debug] [2023-08-13T02:52:40.621Z] > refreshing access token with scopes: []
[debug] [2023-08-13T02:52:40.625Z] >>> [apiv2][query] POST https://www.googleapis.com/oauth2/v3/token [none]
[debug] [2023-08-13T02:52:40.625Z] >>> [apiv2][body] POST https://www.googleapis.com/oauth2/v3/token [omitted]
[debug] [2023-08-13T02:52:40.964Z] <<< [apiv2][status] POST https://www.googleapis.com/oauth2/v3/token 200
[debug] [2023-08-13T02:52:40.966Z] <<< [apiv2][body] POST https://www.googleapis.com/oauth2/v3/token [omitted]
[debug] [2023-08-13T02:52:40.977Z] >>> [apiv2][query] GET https://firebase.googleapis.com/v1beta1/projects pageSize=100
[debug] [2023-08-13T02:52:41.737Z] <<< [apiv2][status] GET https://firebase.googleapis.com/v1beta1/projects 200
[debug] [2023-08-13T02:52:41.737Z] <<< [apiv2][body] GET https://firebase.googleapis.com/v1beta1/projects [omitted]
